e:\zhangjian\paper_and_project\titmouse2d\debug\titmouse2d.pdb
e:\zhangjian\paper_and_project\titmouse2d\debug\titmouse2d.idb
e:\zhangjian\paper_and_project\titmouse2d\titmouse2d\debug\vertexcenteredscalargrid2.obj
e:\zhangjian\paper_and_project\titmouse2d\titmouse2d\debug\simplepressuresolver2.obj
e:\zhangjian\paper_and_project\titmouse2d\titmouse2d\debug\simplelevelsetsolver2.obj
e:\zhangjian\paper_and_project\titmouse2d\titmouse2d\debug\simplediffusesolver2.obj
e:\zhangjian\paper_and_project\titmouse2d\titmouse2d\debug\scalargrid2.obj
e:\zhangjian\paper_and_project\titmouse2d\titmouse2d\debug\scalarfield2.obj
e:\zhangjian\paper_and_project\titmouse2d\titmouse2d\debug\marchingcubes2.obj
e:\zhangjian\paper_and_project\titmouse2d\titmouse2d\debug\levelsetliquidsolver2.obj
e:\zhangjian\paper_and_project\titmouse2d\titmouse2d\debug\gridsystemdata2.obj
e:\zhangjian\paper_and_project\titmouse2d\titmouse2d\debug\gridfluidsolver2.obj
e:\zhangjian\paper_and_project\titmouse2d\titmouse2d\debug\grid2.obj
e:\zhangjian\paper_and_project\titmouse2d\titmouse2d\debug\field2.obj
e:\zhangjian\paper_and_project\titmouse2d\titmouse2d\debug\fdm_utils.obj
e:\zhangjian\paper_and_project\titmouse2d\titmouse2d\debug\facecenteredgrid2.obj
e:\zhangjian\paper_and_project\titmouse2d\titmouse2d\debug\euleriansmokesolver2.obj
e:\zhangjian\paper_and_project\titmouse2d\titmouse2d\debug\cellcenteredscalargrid2.obj
e:\zhangjian\paper_and_project\titmouse2d\titmouse2d\debug\advectionsolver2.obj
e:\zhangjian\paper_and_project\titmouse2d\titmouse2d\debug\colliderset2.obj
e:\zhangjian\paper_and_project\titmouse2d\titmouse2d\debug\collider2.obj
e:\zhangjian\paper_and_project\titmouse2d\titmouse2d\debug\boundingbox2.obj
e:\zhangjian\paper_and_project\titmouse2d\titmouse2d\debug\main.obj
e:\zhangjian\paper_and_project\titmouse2d\titmouse2d\debug\vortexparticlesystemsolver2.obj
e:\zhangjian\paper_and_project\titmouse2d\titmouse2d\debug\vortexparticlesystemdata2.obj
e:\zhangjian\paper_and_project\titmouse2d\titmouse2d\debug\sphsystemsolver2.obj
e:\zhangjian\paper_and_project\titmouse2d\titmouse2d\debug\sphsystemdata2.obj
e:\zhangjian\paper_and_project\titmouse2d\titmouse2d\debug\particlesystemsolver2.obj
e:\zhangjian\paper_and_project\titmouse2d\titmouse2d\debug\particlesystemdata2.obj
e:\zhangjian\paper_and_project\titmouse2d\titmouse2d\debug\neighborsearcher2.obj
e:\zhangjian\paper_and_project\titmouse2d\titmouse2d\debug\picsolver2.obj
e:\zhangjian\paper_and_project\titmouse2d\titmouse2d\debug\flipsolver2.obj
e:\zhangjian\paper_and_project\titmouse2d\titmouse2d\debug\apicsolver2.obj
e:\zhangjian\paper_and_project\titmouse2d\titmouse2d\debug\surface2.obj
e:\zhangjian\paper_and_project\titmouse2d\titmouse2d\debug\sphere2.obj
e:\zhangjian\paper_and_project\titmouse2d\titmouse2d\debug\regularpolygon.obj
e:\zhangjian\paper_and_project\titmouse2d\titmouse2d\debug\ray2.obj
e:\zhangjian\paper_and_project\titmouse2d\titmouse2d\debug\plane2.obj
e:\zhangjian\paper_and_project\titmouse2d\titmouse2d\debug\implicitsurface2.obj
e:\zhangjian\paper_and_project\titmouse2d\titmouse2d\debug\heart2.obj
e:\zhangjian\paper_and_project\titmouse2d\titmouse2d\debug\explicitsurface2.obj
e:\zhangjian\paper_and_project\titmouse2d\titmouse2d\debug\box2.obj
e:\zhangjian\paper_and_project\titmouse2d\titmouse2d\debug\size2.obj
e:\zhangjian\paper_and_project\titmouse2d\titmouse2d\debug\shallowwavesolver2.obj
e:\zhangjian\paper_and_project\titmouse2d\titmouse2d\debug\pbfsolver2.obj
e:\zhangjian\paper_and_project\titmouse2d\titmouse2d\debug\mpmsolver2.obj
e:\zhangjian\paper_and_project\titmouse2d\titmouse2d\debug\lbmsolver2.obj
e:\zhangjian\paper_and_project\titmouse2d\titmouse2d\debug\lbmdata2.obj
e:\zhangjian\paper_and_project\titmouse2d\titmouse2d\debug\iisphsolver2.obj
e:\zhangjian\paper_and_project\titmouse2d\titmouse2d\debug\pde.obj
e:\zhangjian\paper_and_project\titmouse2d\titmouse2d\debug\matrix3x3.obj
e:\zhangjian\paper_and_project\papercode\debug\titmouse2d.pdb
e:\zhangjian\paper_and_project\papercode\debug\titmouse2d.idb
e:\zhangjian\paper_and_project\papercode\titmouse2d\debug\vertexcenteredscalargrid2.obj
e:\zhangjian\paper_and_project\papercode\titmouse2d\debug\simplepressuresolver2.obj
e:\zhangjian\paper_and_project\papercode\titmouse2d\debug\simplelevelsetsolver2.obj
e:\zhangjian\paper_and_project\papercode\titmouse2d\debug\simplediffusesolver2.obj
e:\zhangjian\paper_and_project\papercode\titmouse2d\debug\scalargrid2.obj
e:\zhangjian\paper_and_project\papercode\titmouse2d\debug\scalarfield2.obj
e:\zhangjian\paper_and_project\papercode\titmouse2d\debug\marchingcubes2.obj
e:\zhangjian\paper_and_project\papercode\titmouse2d\debug\levelsetliquidsolver2.obj
e:\zhangjian\paper_and_project\papercode\titmouse2d\debug\gridsystemdata2.obj
e:\zhangjian\paper_and_project\papercode\titmouse2d\debug\gridfluidsolver2.obj
e:\zhangjian\paper_and_project\papercode\titmouse2d\debug\grid2.obj
e:\zhangjian\paper_and_project\papercode\titmouse2d\debug\field2.obj
e:\zhangjian\paper_and_project\papercode\titmouse2d\debug\fdm_utils.obj
e:\zhangjian\paper_and_project\papercode\titmouse2d\debug\facecenteredgrid2.obj
e:\zhangjian\paper_and_project\papercode\titmouse2d\debug\euleriansmokesolver2.obj
e:\zhangjian\paper_and_project\papercode\titmouse2d\debug\cellcenteredscalargrid2.obj
e:\zhangjian\paper_and_project\papercode\titmouse2d\debug\advectionsolver2.obj
e:\zhangjian\paper_and_project\papercode\titmouse2d\debug\colliderset2.obj
e:\zhangjian\paper_and_project\papercode\titmouse2d\debug\collider2.obj
e:\zhangjian\paper_and_project\papercode\titmouse2d\debug\boundingbox2.obj
e:\zhangjian\paper_and_project\papercode\titmouse2d\debug\main.obj
e:\zhangjian\paper_and_project\papercode\titmouse2d\debug\vortexparticlesystemsolver2.obj
e:\zhangjian\paper_and_project\papercode\titmouse2d\debug\vortexparticlesystemdata2.obj
e:\zhangjian\paper_and_project\papercode\titmouse2d\debug\sphsystemsolver2.obj
e:\zhangjian\paper_and_project\papercode\titmouse2d\debug\sphsystemdata2.obj
e:\zhangjian\paper_and_project\papercode\titmouse2d\debug\particlesystemsolver2.obj
e:\zhangjian\paper_and_project\papercode\titmouse2d\debug\particlesystemdata2.obj
e:\zhangjian\paper_and_project\papercode\titmouse2d\debug\neighborsearcher2.obj
e:\zhangjian\paper_and_project\papercode\titmouse2d\debug\picsolver2.obj
e:\zhangjian\paper_and_project\papercode\titmouse2d\debug\flipsolver2.obj
e:\zhangjian\paper_and_project\papercode\titmouse2d\debug\apicsolver2.obj
e:\zhangjian\paper_and_project\papercode\titmouse2d\debug\surface2.obj
e:\zhangjian\paper_and_project\papercode\titmouse2d\debug\sphere2.obj
e:\zhangjian\paper_and_project\papercode\titmouse2d\debug\regularpolygon.obj
e:\zhangjian\paper_and_project\papercode\titmouse2d\debug\ray2.obj
e:\zhangjian\paper_and_project\papercode\titmouse2d\debug\plane2.obj
e:\zhangjian\paper_and_project\papercode\titmouse2d\debug\implicitsurface2.obj
e:\zhangjian\paper_and_project\papercode\titmouse2d\debug\heart2.obj
e:\zhangjian\paper_and_project\papercode\titmouse2d\debug\explicitsurface2.obj
e:\zhangjian\paper_and_project\papercode\titmouse2d\debug\box2.obj
e:\zhangjian\paper_and_project\papercode\titmouse2d\debug\size2.obj
e:\zhangjian\paper_and_project\papercode\titmouse2d\debug\shallowwavesolver2.obj
e:\zhangjian\paper_and_project\papercode\titmouse2d\debug\pbfsolver2.obj
e:\zhangjian\paper_and_project\papercode\titmouse2d\debug\mpmsolver2.obj
e:\zhangjian\paper_and_project\papercode\titmouse2d\debug\lbmsolver2.obj
e:\zhangjian\paper_and_project\papercode\titmouse2d\debug\lbmdata2.obj
e:\zhangjian\paper_and_project\papercode\titmouse2d\debug\iisphsolver2.obj
e:\zhangjian\paper_and_project\papercode\titmouse2d\debug\pde.obj
e:\zhangjian\paper_and_project\papercode\titmouse2d\debug\matrix3x3.obj
e:\zhangjian\paper_and_project\titmouse2d\debug\titmouse2d.lib
e:\zhangjian\paper_and_project\papercode\debug\titmouse2d.lib
e:\zhangjian\paper_and_project\papercode\titmouse2d\debug\titmouse2d.tlog\cl.command.1.tlog
e:\zhangjian\paper_and_project\papercode\titmouse2d\debug\titmouse2d.tlog\cl.read.1.tlog
e:\zhangjian\paper_and_project\papercode\titmouse2d\debug\titmouse2d.tlog\cl.write.1.tlog
e:\zhangjian\paper_and_project\papercode\titmouse2d\debug\titmouse2d.tlog\lib-link.read.1.tlog
e:\zhangjian\paper_and_project\papercode\titmouse2d\debug\titmouse2d.tlog\lib-link.write.1.tlog
e:\zhangjian\paper_and_project\papercode\titmouse2d\debug\titmouse2d.tlog\lib.command.1.tlog
