e:\zhangjian\paper_and_project\papercode\opengl\debug\vc142.pdb
e:\zhangjian\paper_and_project\papercode\opengl\debug\vc142.idb
e:\zhangjian\paper_and_project\papercode\opengl\debug\vp2021.obj
e:\zhangjian\paper_and_project\papercode\opengl\debug\main.obj
e:\zhangjian\paper_and_project\papercode\debug\2021vortexsegment2d.exe
e:\zhangjian\paper_and_project\papercode\opengl\debug\2021vortexsegment2d.ilk
e:\zhangjian\paper_and_project\papercode\debug\2021vortexsegment2d.pdb
e:\zhangjian\paper_and_project\papercode\opengl\debug\couplingtest.obj
e:\zhangjian\paper_and_project\papercode\opengl\debug\couplingtest2.obj
e:\zhangjian\paper_and_project\papercode\opengl\debug\foamvortexsolver.obj
e:\zhangjian\paper_and_project\papercode\opengl\debug\foamvortexsolver2.obj
e:\zhangjian\paper_and_project\papercode\opengl\debug\glad.obj
e:\zhangjian\paper_and_project\papercode\opengl\debug\movingfacecenteredgrid2.obj
e:\zhangjian\paper_and_project\papercode\opengl\debug\opengl.obj
e:\zhangjian\paper_and_project\papercode\opengl\debug\shalowwavetest.obj
e:\zhangjian\paper_and_project\papercode\opengl\debug\vp2005.h.obj
e:\zhangjian\paper_and_project\papercode\opengl\debug\vp2005.obj
e:\zhangjian\paper_and_project\papercode\opengl\debug\vp2005test.obj
e:\zhangjian\paper_and_project\papercode\opengl\debug\experiment1.ilk
e:\zhangjian\paper_and_project\papercode\opengl\debug\2021vort.f2dcce0e.tlog\cl.command.1.tlog
e:\zhangjian\paper_and_project\papercode\opengl\debug\2021vort.f2dcce0e.tlog\cl.read.1.tlog
e:\zhangjian\paper_and_project\papercode\opengl\debug\2021vort.f2dcce0e.tlog\cl.write.1.tlog
e:\zhangjian\paper_and_project\papercode\opengl\debug\2021vort.f2dcce0e.tlog\link.command.1.tlog
e:\zhangjian\paper_and_project\papercode\opengl\debug\2021vort.f2dcce0e.tlog\link.read.1.tlog
e:\zhangjian\paper_and_project\papercode\opengl\debug\2021vort.f2dcce0e.tlog\link.write.1.tlog
