e:\zhangjian\paper_and_project\titmouse2d\opengl\debug\vc142.pdb
e:\zhangjian\paper_and_project\titmouse2d\opengl\debug\vc142.idb
e:\zhangjian\paper_and_project\titmouse2d\opengl\debug\vp2005test.obj
e:\zhangjian\paper_and_project\titmouse2d\opengl\debug\vp2005.obj
e:\zhangjian\paper_and_project\titmouse2d\opengl\debug\couplingtest.obj
e:\zhangjian\paper_and_project\titmouse2d\opengl\debug\foamvortexsolver.obj
e:\zhangjian\paper_and_project\titmouse2d\opengl\debug\shalowwavetest.obj
e:\zhangjian\paper_and_project\titmouse2d\opengl\debug\opengl.obj
e:\zhangjian\paper_and_project\titmouse2d\opengl\debug\movingfacecenteredgrid2.obj
e:\zhangjian\paper_and_project\titmouse2d\opengl\debug\foamvortextest.obj
e:\zhangjian\paper_and_project\titmouse2d\opengl\debug\voronoitest.obj
e:\zhangjian\paper_and_project\titmouse2d\opengl\debug\glad.obj
e:\zhangjian\paper_and_project\titmouse2d\opengl\debug\vp2005.h.ifc
e:\zhangjian\paper_and_project\titmouse2d\opengl\debug\vp2005.h.ifc.d.json
e:\zhangjian\paper_and_project\titmouse2d\opengl\debug\vp2005.h.obj
e:\zhangjian\paper_and_project\titmouse2d\opengl\debug\couplingtest2.obj
e:\zhangjian\paper_and_project\titmouse2d\opengl\debug\foamvortexsolver2.obj
e:\zhangjian\paper_and_project\titmouse2d\opengl\debug\experiment1.ilk
e:\zhangjian\paper_and_project\titmouse2d\debug\experiment1.exe
e:\zhangjian\paper_and_project\titmouse2d\debug\experiment1.pdb
e:\zhangjian\paper_and_project\titmouse2d\opengl\debug\vp2005.h.module.json
e:\zhangjian\paper_and_project\titmouse2d\opengl\debug\experiment1.tlog\cl.command.1.tlog
e:\zhangjian\paper_and_project\titmouse2d\opengl\debug\experiment1.tlog\cl.read.1.tlog
e:\zhangjian\paper_and_project\titmouse2d\opengl\debug\experiment1.tlog\cl.write.1.tlog
e:\zhangjian\paper_and_project\titmouse2d\opengl\debug\experiment1.tlog\link.command.1.tlog
e:\zhangjian\paper_and_project\titmouse2d\opengl\debug\experiment1.tlog\link.read.1.tlog
e:\zhangjian\paper_and_project\titmouse2d\opengl\debug\experiment1.tlog\link.write.1.tlog
e:\zhangjian\paper_and_project\titmouse2d\opengl\debug\experiment1_md.tlog\cl.command.1.tlog
e:\zhangjian\paper_and_project\titmouse2d\opengl\debug\experiment1_md.tlog\microsoft.build.cpptasks.cl.read.1.tlog
e:\zhangjian\paper_and_project\titmouse2d\opengl\debug\experiment1_md.tlog\microsoft.build.cpptasks.cl.write.1.tlog
